2014/10/21 22:23:57 [error] [exception.CDbException] exception 'CDbException' with message 'CDbConnection failed to open the DB connection: SQLSTATE[HY000] [1045] Access denied for user 'chuanbang'@'111.193.224.186' (using password: YES)' in /private/var/www/framework/db/CDbConnection.php:382
Stack trace:
#0 /private/var/www/framework/db/CDbConnection.php(330): CDbConnection->open()
#1 /private/var/www/framework/db/CDbConnection.php(308): CDbConnection->setActive(true)
#2 /private/var/www/framework/base/CModule.php(387): CDbConnection->init()
#3 /private/var/www/framework/base/CModule.php(103): CModule->getComponent('db')
#4 /private/var/www/chuanbang_web/protected/components/utils/DbUtils.php(9): CModule->__get('db')
#5 /private/var/www/chuanbang_web/protected/components/AnswerService.php(37): DbUtils::query('SELECT a.ques_i...')
#6 /private/var/www/chuanbang_web/protected/controllers/SiteController.php(7): AnswerService::listByTime(0, 60)
#7 /private/var/www/framework/web/actions/CInlineAction.php(49): SiteController->actionIndex()
#8 /private/var/www/framework/web/CController.php(308): CInlineAction->runWithParams(Array)
#9 /private/var/www/framework/web/CController.php(286): CController->runAction(Object(CInlineAction))
#10 /private/var/www/framework/web/CController.php(265): CController->runActionWithFilters(Object(CInlineAction), Array)
#11 /private/var/www/framework/web/CWebApplication.php(282): CController->run('')
#12 /private/var/www/framework/web/CWebApplication.php(141): CWebApplication->runController('')
#13 /private/var/www/framework/base/CApplication.php(180): CWebApplication->processRequest()
#14 /private/var/www/chuanbang_web/index.php(19): CApplication->run()
#15 {main}
REQUEST_URI=/
---
2014/10/21 22:27:05 [error] [exception.CDbException] exception 'CDbException' with message 'CDbConnection failed to open the DB connection: SQLSTATE[HY000] [2002] Connection refused' in /private/var/www/framework/db/CDbConnection.php:382
Stack trace:
#0 /private/var/www/framework/db/CDbConnection.php(330): CDbConnection->open()
#1 /private/var/www/framework/db/CDbConnection.php(308): CDbConnection->setActive(true)
#2 /private/var/www/framework/base/CModule.php(387): CDbConnection->init()
#3 /private/var/www/framework/base/CModule.php(103): CModule->getComponent('db')
#4 /private/var/www/chuanbang_web/protected/components/utils/DbUtils.php(9): CModule->__get('db')
#5 /private/var/www/chuanbang_web/protected/components/AnswerService.php(37): DbUtils::query('SELECT a.ques_i...')
#6 /private/var/www/chuanbang_web/protected/controllers/SiteController.php(7): AnswerService::listByTime(0, 60)
#7 /private/var/www/framework/web/actions/CInlineAction.php(49): SiteController->actionIndex()
#8 /private/var/www/framework/web/CController.php(308): CInlineAction->runWithParams(Array)
#9 /private/var/www/framework/web/CController.php(286): CController->runAction(Object(CInlineAction))
#10 /private/var/www/framework/web/CController.php(265): CController->runActionWithFilters(Object(CInlineAction), Array)
#11 /private/var/www/framework/web/CWebApplication.php(282): CController->run('')
#12 /private/var/www/framework/web/CWebApplication.php(141): CWebApplication->runController('')
#13 /private/var/www/framework/base/CApplication.php(180): CWebApplication->processRequest()
#14 /private/var/www/chuanbang_web/index.php(19): CApplication->run()
#15 {main}
REQUEST_URI=/
---
2014/10/21 22:27:06 [error] [exception.CDbException] exception 'CDbException' with message 'CDbConnection failed to open the DB connection: SQLSTATE[HY000] [2002] Connection refused' in /private/var/www/framework/db/CDbConnection.php:382
Stack trace:
#0 /private/var/www/framework/db/CDbConnection.php(330): CDbConnection->open()
#1 /private/var/www/framework/db/CDbConnection.php(308): CDbConnection->setActive(true)
#2 /private/var/www/framework/base/CModule.php(387): CDbConnection->init()
#3 /private/var/www/framework/base/CModule.php(103): CModule->getComponent('db')
#4 /private/var/www/chuanbang_web/protected/components/utils/DbUtils.php(9): CModule->__get('db')
#5 /private/var/www/chuanbang_web/protected/components/AnswerService.php(37): DbUtils::query('SELECT a.ques_i...')
#6 /private/var/www/chuanbang_web/protected/controllers/SiteController.php(7): AnswerService::listByTime(0, 60)
#7 /private/var/www/framework/web/actions/CInlineAction.php(49): SiteController->actionIndex()
#8 /private/var/www/framework/web/CController.php(308): CInlineAction->runWithParams(Array)
#9 /private/var/www/framework/web/CController.php(286): CController->runAction(Object(CInlineAction))
#10 /private/var/www/framework/web/CController.php(265): CController->runActionWithFilters(Object(CInlineAction), Array)
#11 /private/var/www/framework/web/CWebApplication.php(282): CController->run('')
#12 /private/var/www/framework/web/CWebApplication.php(141): CWebApplication->runController('')
#13 /private/var/www/framework/base/CApplication.php(180): CWebApplication->processRequest()
#14 /private/var/www/chuanbang_web/index.php(19): CApplication->run()
#15 {main}
REQUEST_URI=/
---
2014/10/21 22:27:09 [error] [exception.CDbException] exception 'CDbException' with message 'CDbConnection failed to open the DB connection: SQLSTATE[HY000] [2002] Connection refused' in /private/var/www/framework/db/CDbConnection.php:382
Stack trace:
#0 /private/var/www/framework/db/CDbConnection.php(330): CDbConnection->open()
#1 /private/var/www/framework/db/CDbConnection.php(308): CDbConnection->setActive(true)
#2 /private/var/www/framework/base/CModule.php(387): CDbConnection->init()
#3 /private/var/www/framework/base/CModule.php(103): CModule->getComponent('db')
#4 /private/var/www/chuanbang_web/protected/components/utils/DbUtils.php(9): CModule->__get('db')
#5 /private/var/www/chuanbang_web/protected/components/AnswerService.php(37): DbUtils::query('SELECT a.ques_i...')
#6 /private/var/www/chuanbang_web/protected/controllers/SiteController.php(7): AnswerService::listByTime(0, 60)
#7 /private/var/www/framework/web/actions/CInlineAction.php(49): SiteController->actionIndex()
#8 /private/var/www/framework/web/CController.php(308): CInlineAction->runWithParams(Array)
#9 /private/var/www/framework/web/CController.php(286): CController->runAction(Object(CInlineAction))
#10 /private/var/www/framework/web/CController.php(265): CController->runActionWithFilters(Object(CInlineAction), Array)
#11 /private/var/www/framework/web/CWebApplication.php(282): CController->run('')
#12 /private/var/www/framework/web/CWebApplication.php(141): CWebApplication->runController('')
#13 /private/var/www/framework/base/CApplication.php(180): CWebApplication->processRequest()
#14 /private/var/www/chuanbang_web/index.php(19): CApplication->run()
#15 {main}
REQUEST_URI=/
---
2014/10/21 22:27:11 [error] [exception.CDbException] exception 'CDbException' with message 'CDbConnection failed to open the DB connection: SQLSTATE[HY000] [2002] Connection refused' in /private/var/www/framework/db/CDbConnection.php:382
Stack trace:
#0 /private/var/www/framework/db/CDbConnection.php(330): CDbConnection->open()
#1 /private/var/www/framework/db/CDbConnection.php(308): CDbConnection->setActive(true)
#2 /private/var/www/framework/base/CModule.php(387): CDbConnection->init()
#3 /private/var/www/framework/base/CModule.php(103): CModule->getComponent('db')
#4 /private/var/www/chuanbang_web/protected/components/utils/DbUtils.php(9): CModule->__get('db')
#5 /private/var/www/chuanbang_web/protected/components/AnswerService.php(37): DbUtils::query('SELECT a.ques_i...')
#6 /private/var/www/chuanbang_web/protected/controllers/SiteController.php(7): AnswerService::listByTime(0, 60)
#7 /private/var/www/framework/web/actions/CInlineAction.php(49): SiteController->actionIndex()
#8 /private/var/www/framework/web/CController.php(308): CInlineAction->runWithParams(Array)
#9 /private/var/www/framework/web/CController.php(286): CController->runAction(Object(CInlineAction))
#10 /private/var/www/framework/web/CController.php(265): CController->runActionWithFilters(Object(CInlineAction), Array)
#11 /private/var/www/framework/web/CWebApplication.php(282): CController->run('')
#12 /private/var/www/framework/web/CWebApplication.php(141): CWebApplication->runController('')
#13 /private/var/www/framework/base/CApplication.php(180): CWebApplication->processRequest()
#14 /private/var/www/chuanbang_web/index.php(19): CApplication->run()
#15 {main}
REQUEST_URI=/
---
2014/10/21 22:27:12 [error] [exception.CDbException] exception 'CDbException' with message 'CDbConnection failed to open the DB connection: SQLSTATE[HY000] [2002] Connection refused' in /private/var/www/framework/db/CDbConnection.php:382
Stack trace:
#0 /private/var/www/framework/db/CDbConnection.php(330): CDbConnection->open()
#1 /private/var/www/framework/db/CDbConnection.php(308): CDbConnection->setActive(true)
#2 /private/var/www/framework/base/CModule.php(387): CDbConnection->init()
#3 /private/var/www/framework/base/CModule.php(103): CModule->getComponent('db')
#4 /private/var/www/chuanbang_web/protected/components/utils/DbUtils.php(9): CModule->__get('db')
#5 /private/var/www/chuanbang_web/protected/components/AnswerService.php(37): DbUtils::query('SELECT a.ques_i...')
#6 /private/var/www/chuanbang_web/protected/controllers/SiteController.php(7): AnswerService::listByTime(0, 60)
#7 /private/var/www/framework/web/actions/CInlineAction.php(49): SiteController->actionIndex()
#8 /private/var/www/framework/web/CController.php(308): CInlineAction->runWithParams(Array)
#9 /private/var/www/framework/web/CController.php(286): CController->runAction(Object(CInlineAction))
#10 /private/var/www/framework/web/CController.php(265): CController->runActionWithFilters(Object(CInlineAction), Array)
#11 /private/var/www/framework/web/CWebApplication.php(282): CController->run('')
#12 /private/var/www/framework/web/CWebApplication.php(141): CWebApplication->runController('')
#13 /private/var/www/framework/base/CApplication.php(180): CWebApplication->processRequest()
#14 /private/var/www/chuanbang_web/index.php(19): CApplication->run()
#15 {main}
REQUEST_URI=/
---
2014/10/21 22:27:14 [error] [exception.CDbException] exception 'CDbException' with message 'CDbConnection failed to open the DB connection: SQLSTATE[HY000] [2002] Connection refused' in /private/var/www/framework/db/CDbConnection.php:382
Stack trace:
#0 /private/var/www/framework/db/CDbConnection.php(330): CDbConnection->open()
#1 /private/var/www/framework/db/CDbConnection.php(308): CDbConnection->setActive(true)
#2 /private/var/www/framework/base/CModule.php(387): CDbConnection->init()
#3 /private/var/www/framework/base/CModule.php(103): CModule->getComponent('db')
#4 /private/var/www/chuanbang_web/protected/components/utils/DbUtils.php(9): CModule->__get('db')
#5 /private/var/www/chuanbang_web/protected/components/AnswerService.php(37): DbUtils::query('SELECT a.ques_i...')
#6 /private/var/www/chuanbang_web/protected/controllers/SiteController.php(7): AnswerService::listByTime(0, 60)
#7 /private/var/www/framework/web/actions/CInlineAction.php(49): SiteController->actionIndex()
#8 /private/var/www/framework/web/CController.php(308): CInlineAction->runWithParams(Array)
#9 /private/var/www/framework/web/CController.php(286): CController->runAction(Object(CInlineAction))
#10 /private/var/www/framework/web/CController.php(265): CController->runActionWithFilters(Object(CInlineAction), Array)
#11 /private/var/www/framework/web/CWebApplication.php(282): CController->run('')
#12 /private/var/www/framework/web/CWebApplication.php(141): CWebApplication->runController('')
#13 /private/var/www/framework/base/CApplication.php(180): CWebApplication->processRequest()
#14 /private/var/www/chuanbang_web/index.php(19): CApplication->run()
#15 {main}
REQUEST_URI=/
---
2014/10/21 22:27:15 [error] [exception.CDbException] exception 'CDbException' with message 'CDbConnection failed to open the DB connection: SQLSTATE[HY000] [2002] Connection refused' in /private/var/www/framework/db/CDbConnection.php:382
Stack trace:
#0 /private/var/www/framework/db/CDbConnection.php(330): CDbConnection->open()
#1 /private/var/www/framework/db/CDbConnection.php(308): CDbConnection->setActive(true)
#2 /private/var/www/framework/base/CModule.php(387): CDbConnection->init()
#3 /private/var/www/framework/base/CModule.php(103): CModule->getComponent('db')
#4 /private/var/www/chuanbang_web/protected/components/utils/DbUtils.php(9): CModule->__get('db')
#5 /private/var/www/chuanbang_web/protected/components/AnswerService.php(37): DbUtils::query('SELECT a.ques_i...')
#6 /private/var/www/chuanbang_web/protected/controllers/SiteController.php(7): AnswerService::listByTime(0, 60)
#7 /private/var/www/framework/web/actions/CInlineAction.php(49): SiteController->actionIndex()
#8 /private/var/www/framework/web/CController.php(308): CInlineAction->runWithParams(Array)
#9 /private/var/www/framework/web/CController.php(286): CController->runAction(Object(CInlineAction))
#10 /private/var/www/framework/web/CController.php(265): CController->runActionWithFilters(Object(CInlineAction), Array)
#11 /private/var/www/framework/web/CWebApplication.php(282): CController->run('')
#12 /private/var/www/framework/web/CWebApplication.php(141): CWebApplication->runController('')
#13 /private/var/www/framework/base/CApplication.php(180): CWebApplication->processRequest()
#14 /private/var/www/chuanbang_web/index.php(19): CApplication->run()
#15 {main}
REQUEST_URI=/
---
2014/10/21 22:27:16 [error] [exception.CDbException] exception 'CDbException' with message 'CDbConnection failed to open the DB connection: SQLSTATE[HY000] [2002] Connection refused' in /private/var/www/framework/db/CDbConnection.php:382
Stack trace:
#0 /private/var/www/framework/db/CDbConnection.php(330): CDbConnection->open()
#1 /private/var/www/framework/db/CDbConnection.php(308): CDbConnection->setActive(true)
#2 /private/var/www/framework/base/CModule.php(387): CDbConnection->init()
#3 /private/var/www/framework/base/CModule.php(103): CModule->getComponent('db')
#4 /private/var/www/chuanbang_web/protected/components/utils/DbUtils.php(9): CModule->__get('db')
#5 /private/var/www/chuanbang_web/protected/components/AnswerService.php(37): DbUtils::query('SELECT a.ques_i...')
#6 /private/var/www/chuanbang_web/protected/controllers/SiteController.php(7): AnswerService::listByTime(0, 60)
#7 /private/var/www/framework/web/actions/CInlineAction.php(49): SiteController->actionIndex()
#8 /private/var/www/framework/web/CController.php(308): CInlineAction->runWithParams(Array)
#9 /private/var/www/framework/web/CController.php(286): CController->runAction(Object(CInlineAction))
#10 /private/var/www/framework/web/CController.php(265): CController->runActionWithFilters(Object(CInlineAction), Array)
#11 /private/var/www/framework/web/CWebApplication.php(282): CController->run('')
#12 /private/var/www/framework/web/CWebApplication.php(141): CWebApplication->runController('')
#13 /private/var/www/framework/base/CApplication.php(180): CWebApplication->processRequest()
#14 /private/var/www/chuanbang_web/index.php(19): CApplication->run()
#15 {main}
REQUEST_URI=/
---
2014/10/21 22:27:17 [error] [exception.CDbException] exception 'CDbException' with message 'CDbConnection failed to open the DB connection: SQLSTATE[HY000] [2002] Connection refused' in /private/var/www/framework/db/CDbConnection.php:382
Stack trace:
#0 /private/var/www/framework/db/CDbConnection.php(330): CDbConnection->open()
#1 /private/var/www/framework/db/CDbConnection.php(308): CDbConnection->setActive(true)
#2 /private/var/www/framework/base/CModule.php(387): CDbConnection->init()
#3 /private/var/www/framework/base/CModule.php(103): CModule->getComponent('db')
#4 /private/var/www/chuanbang_web/protected/components/utils/DbUtils.php(9): CModule->__get('db')
#5 /private/var/www/chuanbang_web/protected/components/AnswerService.php(37): DbUtils::query('SELECT a.ques_i...')
#6 /private/var/www/chuanbang_web/protected/controllers/SiteController.php(7): AnswerService::listByTime(0, 60)
#7 /private/var/www/framework/web/actions/CInlineAction.php(49): SiteController->actionIndex()
#8 /private/var/www/framework/web/CController.php(308): CInlineAction->runWithParams(Array)
#9 /private/var/www/framework/web/CController.php(286): CController->runAction(Object(CInlineAction))
#10 /private/var/www/framework/web/CController.php(265): CController->runActionWithFilters(Object(CInlineAction), Array)
#11 /private/var/www/framework/web/CWebApplication.php(282): CController->run('')
#12 /private/var/www/framework/web/CWebApplication.php(141): CWebApplication->runController('')
#13 /private/var/www/framework/base/CApplication.php(180): CWebApplication->processRequest()
#14 /private/var/www/chuanbang_web/index.php(19): CApplication->run()
#15 {main}
REQUEST_URI=/
---
2014/10/21 22:27:18 [error] [exception.CDbException] exception 'CDbException' with message 'CDbConnection failed to open the DB connection: SQLSTATE[HY000] [2002] Connection refused' in /private/var/www/framework/db/CDbConnection.php:382
Stack trace:
#0 /private/var/www/framework/db/CDbConnection.php(330): CDbConnection->open()
#1 /private/var/www/framework/db/CDbConnection.php(308): CDbConnection->setActive(true)
#2 /private/var/www/framework/base/CModule.php(387): CDbConnection->init()
#3 /private/var/www/framework/base/CModule.php(103): CModule->getComponent('db')
#4 /private/var/www/chuanbang_web/protected/components/utils/DbUtils.php(9): CModule->__get('db')
#5 /private/var/www/chuanbang_web/protected/components/AnswerService.php(37): DbUtils::query('SELECT a.ques_i...')
#6 /private/var/www/chuanbang_web/protected/controllers/SiteController.php(7): AnswerService::listByTime(0, 60)
#7 /private/var/www/framework/web/actions/CInlineAction.php(49): SiteController->actionIndex()
#8 /private/var/www/framework/web/CController.php(308): CInlineAction->runWithParams(Array)
#9 /private/var/www/framework/web/CController.php(286): CController->runAction(Object(CInlineAction))
#10 /private/var/www/framework/web/CController.php(265): CController->runActionWithFilters(Object(CInlineAction), Array)
#11 /private/var/www/framework/web/CWebApplication.php(282): CController->run('')
#12 /private/var/www/framework/web/CWebApplication.php(141): CWebApplication->runController('')
#13 /private/var/www/framework/base/CApplication.php(180): CWebApplication->processRequest()
#14 /private/var/www/chuanbang_web/index.php(19): CApplication->run()
#15 {main}
REQUEST_URI=/
---
2014/10/21 22:27:19 [error] [exception.CDbException] exception 'CDbException' with message 'CDbConnection failed to open the DB connection: SQLSTATE[HY000] [2002] Connection refused' in /private/var/www/framework/db/CDbConnection.php:382
Stack trace:
#0 /private/var/www/framework/db/CDbConnection.php(330): CDbConnection->open()
#1 /private/var/www/framework/db/CDbConnection.php(308): CDbConnection->setActive(true)
#2 /private/var/www/framework/base/CModule.php(387): CDbConnection->init()
#3 /private/var/www/framework/base/CModule.php(103): CModule->getComponent('db')
#4 /private/var/www/chuanbang_web/protected/components/utils/DbUtils.php(9): CModule->__get('db')
#5 /private/var/www/chuanbang_web/protected/components/AnswerService.php(37): DbUtils::query('SELECT a.ques_i...')
#6 /private/var/www/chuanbang_web/protected/controllers/SiteController.php(7): AnswerService::listByTime(0, 60)
#7 /private/var/www/framework/web/actions/CInlineAction.php(49): SiteController->actionIndex()
#8 /private/var/www/framework/web/CController.php(308): CInlineAction->runWithParams(Array)
#9 /private/var/www/framework/web/CController.php(286): CController->runAction(Object(CInlineAction))
#10 /private/var/www/framework/web/CController.php(265): CController->runActionWithFilters(Object(CInlineAction), Array)
#11 /private/var/www/framework/web/CWebApplication.php(282): CController->run('')
#12 /private/var/www/framework/web/CWebApplication.php(141): CWebApplication->runController('')
#13 /private/var/www/framework/base/CApplication.php(180): CWebApplication->processRequest()
#14 /private/var/www/chuanbang_web/index.php(19): CApplication->run()
#15 {main}
REQUEST_URI=/
---
2014/10/21 22:27:20 [error] [exception.CDbException] exception 'CDbException' with message 'CDbConnection failed to open the DB connection: SQLSTATE[HY000] [2002] Connection refused' in /private/var/www/framework/db/CDbConnection.php:382
Stack trace:
#0 /private/var/www/framework/db/CDbConnection.php(330): CDbConnection->open()
#1 /private/var/www/framework/db/CDbConnection.php(308): CDbConnection->setActive(true)
#2 /private/var/www/framework/base/CModule.php(387): CDbConnection->init()
#3 /private/var/www/framework/base/CModule.php(103): CModule->getComponent('db')
#4 /private/var/www/chuanbang_web/protected/components/utils/DbUtils.php(9): CModule->__get('db')
#5 /private/var/www/chuanbang_web/protected/components/AnswerService.php(37): DbUtils::query('SELECT a.ques_i...')
#6 /private/var/www/chuanbang_web/protected/controllers/SiteController.php(7): AnswerService::listByTime(0, 60)
#7 /private/var/www/framework/web/actions/CInlineAction.php(49): SiteController->actionIndex()
#8 /private/var/www/framework/web/CController.php(308): CInlineAction->runWithParams(Array)
#9 /private/var/www/framework/web/CController.php(286): CController->runAction(Object(CInlineAction))
#10 /private/var/www/framework/web/CController.php(265): CController->runActionWithFilters(Object(CInlineAction), Array)
#11 /private/var/www/framework/web/CWebApplication.php(282): CController->run('')
#12 /private/var/www/framework/web/CWebApplication.php(141): CWebApplication->runController('')
#13 /private/var/www/framework/base/CApplication.php(180): CWebApplication->processRequest()
#14 /private/var/www/chuanbang_web/index.php(19): CApplication->run()
#15 {main}
REQUEST_URI=/
---
2014/10/21 22:27:21 [error] [exception.CDbException] exception 'CDbException' with message 'CDbConnection failed to open the DB connection: SQLSTATE[HY000] [2002] Connection refused' in /private/var/www/framework/db/CDbConnection.php:382
Stack trace:
#0 /private/var/www/framework/db/CDbConnection.php(330): CDbConnection->open()
#1 /private/var/www/framework/db/CDbConnection.php(308): CDbConnection->setActive(true)
#2 /private/var/www/framework/base/CModule.php(387): CDbConnection->init()
#3 /private/var/www/framework/base/CModule.php(103): CModule->getComponent('db')
#4 /private/var/www/chuanbang_web/protected/components/utils/DbUtils.php(9): CModule->__get('db')
#5 /private/var/www/chuanbang_web/protected/components/AnswerService.php(37): DbUtils::query('SELECT a.ques_i...')
#6 /private/var/www/chuanbang_web/protected/controllers/SiteController.php(7): AnswerService::listByTime(0, 60)
#7 /private/var/www/framework/web/actions/CInlineAction.php(49): SiteController->actionIndex()
#8 /private/var/www/framework/web/CController.php(308): CInlineAction->runWithParams(Array)
#9 /private/var/www/framework/web/CController.php(286): CController->runAction(Object(CInlineAction))
#10 /private/var/www/framework/web/CController.php(265): CController->runActionWithFilters(Object(CInlineAction), Array)
#11 /private/var/www/framework/web/CWebApplication.php(282): CController->run('')
#12 /private/var/www/framework/web/CWebApplication.php(141): CWebApplication->runController('')
#13 /private/var/www/framework/base/CApplication.php(180): CWebApplication->processRequest()
#14 /private/var/www/chuanbang_web/index.php(19): CApplication->run()
#15 {main}
REQUEST_URI=/
---
2014/10/21 22:27:22 [error] [exception.CDbException] exception 'CDbException' with message 'CDbConnection failed to open the DB connection: SQLSTATE[HY000] [2002] Connection refused' in /private/var/www/framework/db/CDbConnection.php:382
Stack trace:
#0 /private/var/www/framework/db/CDbConnection.php(330): CDbConnection->open()
#1 /private/var/www/framework/db/CDbConnection.php(308): CDbConnection->setActive(true)
#2 /private/var/www/framework/base/CModule.php(387): CDbConnection->init()
#3 /private/var/www/framework/base/CModule.php(103): CModule->getComponent('db')
#4 /private/var/www/chuanbang_web/protected/components/utils/DbUtils.php(9): CModule->__get('db')
#5 /private/var/www/chuanbang_web/protected/components/AnswerService.php(37): DbUtils::query('SELECT a.ques_i...')
#6 /private/var/www/chuanbang_web/protected/controllers/SiteController.php(7): AnswerService::listByTime(0, 60)
#7 /private/var/www/framework/web/actions/CInlineAction.php(49): SiteController->actionIndex()
#8 /private/var/www/framework/web/CController.php(308): CInlineAction->runWithParams(Array)
#9 /private/var/www/framework/web/CController.php(286): CController->runAction(Object(CInlineAction))
#10 /private/var/www/framework/web/CController.php(265): CController->runActionWithFilters(Object(CInlineAction), Array)
#11 /private/var/www/framework/web/CWebApplication.php(282): CController->run('')
#12 /private/var/www/framework/web/CWebApplication.php(141): CWebApplication->runController('')
#13 /private/var/www/framework/base/CApplication.php(180): CWebApplication->processRequest()
#14 /private/var/www/chuanbang_web/index.php(19): CApplication->run()
#15 {main}
REQUEST_URI=/
---
2014/10/21 22:27:24 [error] [exception.CDbException] exception 'CDbException' with message 'CDbConnection failed to open the DB connection: SQLSTATE[HY000] [2002] Connection refused' in /private/var/www/framework/db/CDbConnection.php:382
Stack trace:
#0 /private/var/www/framework/db/CDbConnection.php(330): CDbConnection->open()
#1 /private/var/www/framework/db/CDbConnection.php(308): CDbConnection->setActive(true)
#2 /private/var/www/framework/base/CModule.php(387): CDbConnection->init()
#3 /private/var/www/framework/base/CModule.php(103): CModule->getComponent('db')
#4 /private/var/www/chuanbang_web/protected/components/utils/DbUtils.php(9): CModule->__get('db')
#5 /private/var/www/chuanbang_web/protected/components/AnswerService.php(37): DbUtils::query('SELECT a.ques_i...')
#6 /private/var/www/chuanbang_web/protected/controllers/SiteController.php(7): AnswerService::listByTime(0, 60)
#7 /private/var/www/framework/web/actions/CInlineAction.php(49): SiteController->actionIndex()
#8 /private/var/www/framework/web/CController.php(308): CInlineAction->runWithParams(Array)
#9 /private/var/www/framework/web/CController.php(286): CController->runAction(Object(CInlineAction))
#10 /private/var/www/framework/web/CController.php(265): CController->runActionWithFilters(Object(CInlineAction), Array)
#11 /private/var/www/framework/web/CWebApplication.php(282): CController->run('')
#12 /private/var/www/framework/web/CWebApplication.php(141): CWebApplication->runController('')
#13 /private/var/www/framework/base/CApplication.php(180): CWebApplication->processRequest()
#14 /private/var/www/chuanbang_web/index.php(19): CApplication->run()
#15 {main}
REQUEST_URI=/
---
2014/10/21 22:27:25 [error] [exception.CDbException] exception 'CDbException' with message 'CDbConnection failed to open the DB connection: SQLSTATE[HY000] [2002] Connection refused' in /private/var/www/framework/db/CDbConnection.php:382
Stack trace:
#0 /private/var/www/framework/db/CDbConnection.php(330): CDbConnection->open()
#1 /private/var/www/framework/db/CDbConnection.php(308): CDbConnection->setActive(true)
#2 /private/var/www/framework/base/CModule.php(387): CDbConnection->init()
#3 /private/var/www/framework/base/CModule.php(103): CModule->getComponent('db')
#4 /private/var/www/chuanbang_web/protected/components/utils/DbUtils.php(9): CModule->__get('db')
#5 /private/var/www/chuanbang_web/protected/components/AnswerService.php(37): DbUtils::query('SELECT a.ques_i...')
#6 /private/var/www/chuanbang_web/protected/controllers/SiteController.php(7): AnswerService::listByTime(0, 60)
#7 /private/var/www/framework/web/actions/CInlineAction.php(49): SiteController->actionIndex()
#8 /private/var/www/framework/web/CController.php(308): CInlineAction->runWithParams(Array)
#9 /private/var/www/framework/web/CController.php(286): CController->runAction(Object(CInlineAction))
#10 /private/var/www/framework/web/CController.php(265): CController->runActionWithFilters(Object(CInlineAction), Array)
#11 /private/var/www/framework/web/CWebApplication.php(282): CController->run('')
#12 /private/var/www/framework/web/CWebApplication.php(141): CWebApplication->runController('')
#13 /private/var/www/framework/base/CApplication.php(180): CWebApplication->processRequest()
#14 /private/var/www/chuanbang_web/index.php(19): CApplication->run()
#15 {main}
REQUEST_URI=/
---
2014/10/21 22:27:26 [error] [exception.CDbException] exception 'CDbException' with message 'CDbConnection failed to open the DB connection: SQLSTATE[HY000] [2002] Connection refused' in /private/var/www/framework/db/CDbConnection.php:382
Stack trace:
#0 /private/var/www/framework/db/CDbConnection.php(330): CDbConnection->open()
#1 /private/var/www/framework/db/CDbConnection.php(308): CDbConnection->setActive(true)
#2 /private/var/www/framework/base/CModule.php(387): CDbConnection->init()
#3 /private/var/www/framework/base/CModule.php(103): CModule->getComponent('db')
#4 /private/var/www/chuanbang_web/protected/components/utils/DbUtils.php(9): CModule->__get('db')
#5 /private/var/www/chuanbang_web/protected/components/AnswerService.php(37): DbUtils::query('SELECT a.ques_i...')
#6 /private/var/www/chuanbang_web/protected/controllers/SiteController.php(7): AnswerService::listByTime(0, 60)
#7 /private/var/www/framework/web/actions/CInlineAction.php(49): SiteController->actionIndex()
#8 /private/var/www/framework/web/CController.php(308): CInlineAction->runWithParams(Array)
#9 /private/var/www/framework/web/CController.php(286): CController->runAction(Object(CInlineAction))
#10 /private/var/www/framework/web/CController.php(265): CController->runActionWithFilters(Object(CInlineAction), Array)
#11 /private/var/www/framework/web/CWebApplication.php(282): CController->run('')
#12 /private/var/www/framework/web/CWebApplication.php(141): CWebApplication->runController('')
#13 /private/var/www/framework/base/CApplication.php(180): CWebApplication->processRequest()
#14 /private/var/www/chuanbang_web/index.php(19): CApplication->run()
#15 {main}
REQUEST_URI=/
---
2014/10/21 22:27:27 [error] [exception.CDbException] exception 'CDbException' with message 'CDbConnection failed to open the DB connection: SQLSTATE[HY000] [2002] Connection refused' in /private/var/www/framework/db/CDbConnection.php:382
Stack trace:
#0 /private/var/www/framework/db/CDbConnection.php(330): CDbConnection->open()
#1 /private/var/www/framework/db/CDbConnection.php(308): CDbConnection->setActive(true)
#2 /private/var/www/framework/base/CModule.php(387): CDbConnection->init()
#3 /private/var/www/framework/base/CModule.php(103): CModule->getComponent('db')
#4 /private/var/www/chuanbang_web/protected/components/utils/DbUtils.php(9): CModule->__get('db')
#5 /private/var/www/chuanbang_web/protected/components/AnswerService.php(37): DbUtils::query('SELECT a.ques_i...')
#6 /private/var/www/chuanbang_web/protected/controllers/SiteController.php(7): AnswerService::listByTime(0, 60)
#7 /private/var/www/framework/web/actions/CInlineAction.php(49): SiteController->actionIndex()
#8 /private/var/www/framework/web/CController.php(308): CInlineAction->runWithParams(Array)
#9 /private/var/www/framework/web/CController.php(286): CController->runAction(Object(CInlineAction))
#10 /private/var/www/framework/web/CController.php(265): CController->runActionWithFilters(Object(CInlineAction), Array)
#11 /private/var/www/framework/web/CWebApplication.php(282): CController->run('')
#12 /private/var/www/framework/web/CWebApplication.php(141): CWebApplication->runController('')
#13 /private/var/www/framework/base/CApplication.php(180): CWebApplication->processRequest()
#14 /private/var/www/chuanbang_web/index.php(19): CApplication->run()
#15 {main}
REQUEST_URI=/
---
2014/10/21 22:27:28 [error] [exception.CDbException] exception 'CDbException' with message 'CDbConnection failed to open the DB connection: SQLSTATE[HY000] [2002] Connection refused' in /private/var/www/framework/db/CDbConnection.php:382
Stack trace:
#0 /private/var/www/framework/db/CDbConnection.php(330): CDbConnection->open()
#1 /private/var/www/framework/db/CDbConnection.php(308): CDbConnection->setActive(true)
#2 /private/var/www/framework/base/CModule.php(387): CDbConnection->init()
#3 /private/var/www/framework/base/CModule.php(103): CModule->getComponent('db')
#4 /private/var/www/chuanbang_web/protected/components/utils/DbUtils.php(9): CModule->__get('db')
#5 /private/var/www/chuanbang_web/protected/components/AnswerService.php(37): DbUtils::query('SELECT a.ques_i...')
#6 /private/var/www/chuanbang_web/protected/controllers/SiteController.php(7): AnswerService::listByTime(0, 60)
#7 /private/var/www/framework/web/actions/CInlineAction.php(49): SiteController->actionIndex()
#8 /private/var/www/framework/web/CController.php(308): CInlineAction->runWithParams(Array)
#9 /private/var/www/framework/web/CController.php(286): CController->runAction(Object(CInlineAction))
#10 /private/var/www/framework/web/CController.php(265): CController->runActionWithFilters(Object(CInlineAction), Array)
#11 /private/var/www/framework/web/CWebApplication.php(282): CController->run('')
#12 /private/var/www/framework/web/CWebApplication.php(141): CWebApplication->runController('')
#13 /private/var/www/framework/base/CApplication.php(180): CWebApplication->processRequest()
#14 /private/var/www/chuanbang_web/index.php(19): CApplication->run()
#15 {main}
REQUEST_URI=/
---
2014/10/21 22:27:29 [error] [exception.CDbException] exception 'CDbException' with message 'CDbConnection failed to open the DB connection: SQLSTATE[HY000] [2002] Connection refused' in /private/var/www/framework/db/CDbConnection.php:382
Stack trace:
#0 /private/var/www/framework/db/CDbConnection.php(330): CDbConnection->open()
#1 /private/var/www/framework/db/CDbConnection.php(308): CDbConnection->setActive(true)
#2 /private/var/www/framework/base/CModule.php(387): CDbConnection->init()
#3 /private/var/www/framework/base/CModule.php(103): CModule->getComponent('db')
#4 /private/var/www/chuanbang_web/protected/components/utils/DbUtils.php(9): CModule->__get('db')
#5 /private/var/www/chuanbang_web/protected/components/AnswerService.php(37): DbUtils::query('SELECT a.ques_i...')
#6 /private/var/www/chuanbang_web/protected/controllers/SiteController.php(7): AnswerService::listByTime(0, 60)
#7 /private/var/www/framework/web/actions/CInlineAction.php(49): SiteController->actionIndex()
#8 /private/var/www/framework/web/CController.php(308): CInlineAction->runWithParams(Array)
#9 /private/var/www/framework/web/CController.php(286): CController->runAction(Object(CInlineAction))
#10 /private/var/www/framework/web/CController.php(265): CController->runActionWithFilters(Object(CInlineAction), Array)
#11 /private/var/www/framework/web/CWebApplication.php(282): CController->run('')
#12 /private/var/www/framework/web/CWebApplication.php(141): CWebApplication->runController('')
#13 /private/var/www/framework/base/CApplication.php(180): CWebApplication->processRequest()
#14 /private/var/www/chuanbang_web/index.php(19): CApplication->run()
#15 {main}
REQUEST_URI=/
---
2014/10/21 22:27:30 [error] [exception.CDbException] exception 'CDbException' with message 'CDbConnection failed to open the DB connection: SQLSTATE[HY000] [2002] Connection refused' in /private/var/www/framework/db/CDbConnection.php:382
Stack trace:
#0 /private/var/www/framework/db/CDbConnection.php(330): CDbConnection->open()
#1 /private/var/www/framework/db/CDbConnection.php(308): CDbConnection->setActive(true)
#2 /private/var/www/framework/base/CModule.php(387): CDbConnection->init()
#3 /private/var/www/framework/base/CModule.php(103): CModule->getComponent('db')
#4 /private/var/www/chuanbang_web/protected/components/utils/DbUtils.php(9): CModule->__get('db')
#5 /private/var/www/chuanbang_web/protected/components/AnswerService.php(37): DbUtils::query('SELECT a.ques_i...')
#6 /private/var/www/chuanbang_web/protected/controllers/SiteController.php(7): AnswerService::listByTime(0, 60)
#7 /private/var/www/framework/web/actions/CInlineAction.php(49): SiteController->actionIndex()
#8 /private/var/www/framework/web/CController.php(308): CInlineAction->runWithParams(Array)
#9 /private/var/www/framework/web/CController.php(286): CController->runAction(Object(CInlineAction))
#10 /private/var/www/framework/web/CController.php(265): CController->runActionWithFilters(Object(CInlineAction), Array)
#11 /private/var/www/framework/web/CWebApplication.php(282): CController->run('')
#12 /private/var/www/framework/web/CWebApplication.php(141): CWebApplication->runController('')
#13 /private/var/www/framework/base/CApplication.php(180): CWebApplication->processRequest()
#14 /private/var/www/chuanbang_web/index.php(19): CApplication->run()
#15 {main}
REQUEST_URI=/
---
2014/10/21 22:27:31 [error] [exception.CDbException] exception 'CDbException' with message 'CDbConnection failed to open the DB connection: SQLSTATE[HY000] [2002] Connection refused' in /private/var/www/framework/db/CDbConnection.php:382
Stack trace:
#0 /private/var/www/framework/db/CDbConnection.php(330): CDbConnection->open()
#1 /private/var/www/framework/db/CDbConnection.php(308): CDbConnection->setActive(true)
#2 /private/var/www/framework/base/CModule.php(387): CDbConnection->init()
#3 /private/var/www/framework/base/CModule.php(103): CModule->getComponent('db')
#4 /private/var/www/chuanbang_web/protected/components/utils/DbUtils.php(9): CModule->__get('db')
#5 /private/var/www/chuanbang_web/protected/components/AnswerService.php(37): DbUtils::query('SELECT a.ques_i...')
#6 /private/var/www/chuanbang_web/protected/controllers/SiteController.php(7): AnswerService::listByTime(0, 60)
#7 /private/var/www/framework/web/actions/CInlineAction.php(49): SiteController->actionIndex()
#8 /private/var/www/framework/web/CController.php(308): CInlineAction->runWithParams(Array)
#9 /private/var/www/framework/web/CController.php(286): CController->runAction(Object(CInlineAction))
#10 /private/var/www/framework/web/CController.php(265): CController->runActionWithFilters(Object(CInlineAction), Array)
#11 /private/var/www/framework/web/CWebApplication.php(282): CController->run('')
#12 /private/var/www/framework/web/CWebApplication.php(141): CWebApplication->runController('')
#13 /private/var/www/framework/base/CApplication.php(180): CWebApplication->processRequest()
#14 /private/var/www/chuanbang_web/index.php(19): CApplication->run()
#15 {main}
REQUEST_URI=/
---
2014/10/21 22:27:32 [error] [exception.CDbException] exception 'CDbException' with message 'CDbConnection failed to open the DB connection: SQLSTATE[HY000] [2002] Connection refused' in /private/var/www/framework/db/CDbConnection.php:382
Stack trace:
#0 /private/var/www/framework/db/CDbConnection.php(330): CDbConnection->open()
#1 /private/var/www/framework/db/CDbConnection.php(308): CDbConnection->setActive(true)
#2 /private/var/www/framework/base/CModule.php(387): CDbConnection->init()
#3 /private/var/www/framework/base/CModule.php(103): CModule->getComponent('db')
#4 /private/var/www/chuanbang_web/protected/components/utils/DbUtils.php(9): CModule->__get('db')
#5 /private/var/www/chuanbang_web/protected/components/AnswerService.php(37): DbUtils::query('SELECT a.ques_i...')
#6 /private/var/www/chuanbang_web/protected/controllers/SiteController.php(7): AnswerService::listByTime(0, 60)
#7 /private/var/www/framework/web/actions/CInlineAction.php(49): SiteController->actionIndex()
#8 /private/var/www/framework/web/CController.php(308): CInlineAction->runWithParams(Array)
#9 /private/var/www/framework/web/CController.php(286): CController->runAction(Object(CInlineAction))
#10 /private/var/www/framework/web/CController.php(265): CController->runActionWithFilters(Object(CInlineAction), Array)
#11 /private/var/www/framework/web/CWebApplication.php(282): CController->run('')
#12 /private/var/www/framework/web/CWebApplication.php(141): CWebApplication->runController('')
#13 /private/var/www/framework/base/CApplication.php(180): CWebApplication->processRequest()
#14 /private/var/www/chuanbang_web/index.php(19): CApplication->run()
#15 {main}
REQUEST_URI=/
---
2014/10/21 22:27:33 [error] [exception.CDbException] exception 'CDbException' with message 'CDbConnection failed to open the DB connection: SQLSTATE[HY000] [2002] Connection refused' in /private/var/www/framework/db/CDbConnection.php:382
Stack trace:
#0 /private/var/www/framework/db/CDbConnection.php(330): CDbConnection->open()
#1 /private/var/www/framework/db/CDbConnection.php(308): CDbConnection->setActive(true)
#2 /private/var/www/framework/base/CModule.php(387): CDbConnection->init()
#3 /private/var/www/framework/base/CModule.php(103): CModule->getComponent('db')
#4 /private/var/www/chuanbang_web/protected/components/utils/DbUtils.php(9): CModule->__get('db')
#5 /private/var/www/chuanbang_web/protected/components/AnswerService.php(37): DbUtils::query('SELECT a.ques_i...')
#6 /private/var/www/chuanbang_web/protected/controllers/SiteController.php(7): AnswerService::listByTime(0, 60)
#7 /private/var/www/framework/web/actions/CInlineAction.php(49): SiteController->actionIndex()
#8 /private/var/www/framework/web/CController.php(308): CInlineAction->runWithParams(Array)
#9 /private/var/www/framework/web/CController.php(286): CController->runAction(Object(CInlineAction))
#10 /private/var/www/framework/web/CController.php(265): CController->runActionWithFilters(Object(CInlineAction), Array)
#11 /private/var/www/framework/web/CWebApplication.php(282): CController->run('')
#12 /private/var/www/framework/web/CWebApplication.php(141): CWebApplication->runController('')
#13 /private/var/www/framework/base/CApplication.php(180): CWebApplication->processRequest()
#14 /private/var/www/chuanbang_web/index.php(19): CApplication->run()
#15 {main}
REQUEST_URI=/
---
2014/10/27 22:10:19 [error] [exception.CDbException] exception 'CDbException' with message 'CDbConnection failed to open the DB connection: SQLSTATE[HY000] [2002] Connection refused' in /private/var/www/framework/db/CDbConnection.php:382
Stack trace:
#0 /private/var/www/framework/db/CDbConnection.php(330): CDbConnection->open()
#1 /private/var/www/framework/db/CDbConnection.php(308): CDbConnection->setActive(true)
#2 /private/var/www/framework/base/CModule.php(387): CDbConnection->init()
#3 /private/var/www/framework/base/CModule.php(103): CModule->getComponent('db')
#4 /private/var/www/chuanbang_web/protected/components/utils/DbUtils.php(9): CModule->__get('db')
#5 /private/var/www/chuanbang_web/protected/components/AnswerService.php(37): DbUtils::query('SELECT a.ques_i...')
#6 /private/var/www/chuanbang_web/protected/controllers/SiteController.php(7): AnswerService::listByTime(0, 60)
#7 /private/var/www/framework/web/actions/CInlineAction.php(49): SiteController->actionIndex()
#8 /private/var/www/framework/web/CController.php(308): CInlineAction->runWithParams(Array)
#9 /private/var/www/framework/web/CController.php(286): CController->runAction(Object(CInlineAction))
#10 /private/var/www/framework/web/CController.php(265): CController->runActionWithFilters(Object(CInlineAction), Array)
#11 /private/var/www/framework/web/CWebApplication.php(282): CController->run('')
#12 /private/var/www/framework/web/CWebApplication.php(141): CWebApplication->runController('')
#13 /private/var/www/framework/base/CApplication.php(180): CWebApplication->processRequest()
#14 /private/var/www/chuanbang_web/index.php(19): CApplication->run()
#15 {main}
REQUEST_URI=/
---
